INFO 2023-05-12 10:29:19,655 Watching for file changes with StatReloader
INFO 2023-05-12 10:29:32,897 "GET / HTTP/1.1" 302 0
INFO 2023-05-12 10:29:32,937 "GET /accounts/login/?next=/ HTTP/1.1" 200 3981
INFO 2023-05-12 10:29:33,199 "GET /static/plugins/toastr/toastr.min.css HTTP/1.1" 200 6454
INFO 2023-05-12 10:29:33,208 "GET /static/plugins/overlayScrollbars/css/OverlayScrollbars.min.css HTTP/1.1" 200 19736
INFO 2023-05-12 10:29:33,212 "GET /static/plugins/jquery/jquery.min.js HTTP/1.1" 200 88147
INFO 2023-05-12 10:29:33,238 "GET /static/dist/css/login-page.css HTTP/1.1" 200 9064
INFO 2023-05-12 10:29:33,249 "GET /static/dist/js/jquery.formset.js HTTP/1.1" 200 13881
INFO 2023-05-12 10:29:33,275 "GET /static/plugins/fontawesome-free/css/all.min.css HTTP/1.1" 200 58582
INFO 2023-05-12 10:29:33,320 "GET /static/plugins/toastr/toastr.min.js HTTP/1.1" 200 5253
INFO 2023-05-12 10:29:33,339 "GET /static/dist/css/adminlte.min.css HTTP/1.1" 200 686718
INFO 2023-05-12 10:29:33,350 "GET /static/plugins/bootstrap/js/bootstrap.bundle.min.js HTTP/1.1" 200 80704
INFO 2023-05-12 10:29:33,378 "GET /static/plugins/overlayScrollbars/js/jquery.overlayScrollbars.min.js HTTP/1.1" 200 42395
INFO 2023-05-12 10:29:33,414 "GET /static/dist/js/adminlte.js HTTP/1.1" 200 59416
INFO 2023-05-12 10:29:33,417 "GET /static/dist/js/demo.js HTTP/1.1" 200 13042
INFO 2023-05-12 10:29:33,440 "GET /static/dist/img/login.png HTTP/1.1" 200 144918
INFO 2023-05-12 10:29:33,615 "GET /static/plugins/fontawesome-free/webfonts/fa-solid-900.woff2 HTTP/1.1" 200 79444
WARNING 2023-05-12 10:29:33,996 Not Found: /favicon.ico
WARNING 2023-05-12 10:29:33,996 "GET /favicon.ico HTTP/1.1" 404 6202
INFO 2023-05-12 10:29:51,998 "POST /accounts/login/ HTTP/1.1" 302 0
INFO 2023-05-12 10:29:52,254 "GET / HTTP/1.1" 200 9290
INFO 2023-05-12 10:29:52,336 "GET /static/plugins/Datatables/datatables.min.css HTTP/1.1" 200 25807
INFO 2023-05-12 10:29:52,566 "GET /static/plugins/Datatables/datatables.min.js HTTP/1.1" 200 2042927
INFO 2023-05-12 10:29:52,817 "GET /static/plugins/fontawesome-free/webfonts/fa-regular-400.woff2 HTTP/1.1" 200 13584
INFO 2023-05-12 10:29:58,548 "GET /student/list HTTP/1.1" 200 9946
INFO 2023-05-12 10:30:00,674 "GET /staff/list/ HTTP/1.1" 200 9687
INFO 2023-05-12 10:30:02,589 "GET /finance/list/ HTTP/1.1" 200 9925
INFO 2023-05-12 10:30:04,219 "GET /result/create/ HTTP/1.1" 200 10386
INFO 2023-05-12 10:30:05,818 "GET /result/edit-results/ HTTP/1.1" 200 10104
INFO 2023-05-12 10:30:07,359 "GET /result/view/all HTTP/1.1" 200 8834
INFO 2023-05-12 10:30:09,923 "GET /session/list/ HTTP/1.1" 200 11598
INFO 2023-05-12 10:30:14,779 "GET /term/list/ HTTP/1.1" 200 12231
INFO 2023-05-12 10:30:18,907 "GET /subject/list/ HTTP/1.1" 200 11397
INFO 2023-05-12 10:30:22,908 "GET /class/list/ HTTP/1.1" 200 11410
INFO 2023-05-12 10:30:25,432 "GET /student/list HTTP/1.1" 200 9946
INFO 2023-05-12 10:30:30,146 "GET /finance/list/ HTTP/1.1" 200 9925
INFO 2023-05-12 10:30:32,806 "GET /finance/create/ HTTP/1.1" 200 13376
INFO 2023-05-12 10:30:36,222 "GET / HTTP/1.1" 200 9290
INFO 2023-05-12 10:30:38,011 "GET /current-session/ HTTP/1.1" 200 10518
INFO 2023-05-12 10:30:40,756 "GET /site-config HTTP/1.1" 200 10862
INFO 2023-05-12 10:31:42,744 "POST /site-config HTTP/1.1" 200 10967
INFO 2023-05-12 10:31:47,747 "POST /site-config HTTP/1.1" 200 10967
INFO 2023-05-12 10:31:50,979 "POST /site-config HTTP/1.1" 200 10967
INFO 2023-05-12 10:31:57,352 "GET / HTTP/1.1" 200 9290
INFO 2023-05-12 10:32:05,060 "GET /student/list HTTP/1.1" 200 9946
INFO 2023-05-12 10:32:08,085 "GET /site-config HTTP/1.1" 200 10862
INFO 2023-05-12 10:32:17,681 "POST /site-config HTTP/1.1" 200 10922
INFO 2023-05-12 10:32:21,177 "GET / HTTP/1.1" 200 9290
INFO 2023-05-12 10:32:23,032 "GET /site-config HTTP/1.1" 200 10862
WARNING 2023-05-12 10:32:41,792 Not Found: /admin
WARNING 2023-05-12 10:32:41,793 "GET /admin HTTP/1.1" 404 6184
INFO 2023-05-12 10:32:47,126 "GET / HTTP/1.1" 200 9290
INFO 2023-05-12 10:32:47,147 "GET /static/plugins/fontawesome-free/css/all.min.css HTTP/1.1" 304 0
INFO 2023-05-12 10:32:47,149 "GET /static/plugins/toastr/toastr.min.css HTTP/1.1" 304 0
INFO 2023-05-12 10:32:47,154 "GET /static/dist/css/adminlte.min.css HTTP/1.1" 304 0
INFO 2023-05-12 10:32:47,155 "GET /static/plugins/overlayScrollbars/css/OverlayScrollbars.min.css HTTP/1.1" 304 0
INFO 2023-05-12 10:32:47,155 "GET /static/plugins/toastr/toastr.min.js HTTP/1.1" 304 0
INFO 2023-05-12 10:32:47,156 "GET /static/dist/js/jquery.formset.js HTTP/1.1" 304 0
INFO 2023-05-12 10:32:47,158 "GET /static/plugins/bootstrap/js/bootstrap.bundle.min.js HTTP/1.1" 304 0
INFO 2023-05-12 10:32:47,158 "GET /static/plugins/jquery/jquery.min.js HTTP/1.1" 304 0
INFO 2023-05-12 10:32:47,159 "GET /static/plugins/overlayScrollbars/js/jquery.overlayScrollbars.min.js HTTP/1.1" 304 0
INFO 2023-05-12 10:32:47,160 "GET /static/dist/js/adminlte.js HTTP/1.1" 304 0
INFO 2023-05-12 10:32:47,161 "GET /static/dist/js/demo.js HTTP/1.1" 304 0
INFO 2023-05-12 10:32:52,495 "GET /student/list HTTP/1.1" 200 9946
INFO 2023-05-12 10:32:53,510 "GET / HTTP/1.1" 200 9290
INFO 2023-05-12 10:32:55,819 "GET / HTTP/1.1" 200 9290
INFO 2023-05-12 10:32:55,832 "GET /static/plugins/Datatables/datatables.min.css HTTP/1.1" 304 0
INFO 2023-05-12 10:32:55,832 "GET /static/plugins/Datatables/datatables.min.js HTTP/1.1" 304 0
INFO 2023-05-12 10:32:58,852 "GET /session/list/ HTTP/1.1" 200 11598
INFO 2023-05-12 10:33:06,073 "GET /site-config HTTP/1.1" 200 10862
INFO 2023-05-12 10:33:10,863 "POST /site-config HTTP/1.1" 200 10922
INFO 2023-05-12 10:33:13,105 "GET /current-session/ HTTP/1.1" 200 10518
INFO 2023-05-12 10:33:18,127 "GET /site-config HTTP/1.1" 200 10862
INFO 2023-05-12 10:33:34,556 "GET / HTTP/1.1" 200 9290
INFO 2023-05-12 10:39:07,615 "GET /site-config HTTP/1.1" 200 10862
INFO 2023-05-12 10:39:07,638 "GET /static/plugins/fontawesome-free/css/all.min.css HTTP/1.1" 304 0
INFO 2023-05-12 10:39:07,648 "GET /static/plugins/toastr/toastr.min.css HTTP/1.1" 304 0
INFO 2023-05-12 10:39:07,649 "GET /static/plugins/overlayScrollbars/css/OverlayScrollbars.min.css HTTP/1.1" 304 0
INFO 2023-05-12 10:39:07,651 "GET /static/plugins/Datatables/datatables.min.css HTTP/1.1" 304 0
INFO 2023-05-12 10:39:07,651 "GET /static/plugins/bootstrap/js/bootstrap.bundle.min.js HTTP/1.1" 304 0
INFO 2023-05-12 10:39:07,656 "GET /static/plugins/toastr/toastr.min.js HTTP/1.1" 304 0
INFO 2023-05-12 10:39:07,657 "GET /static/plugins/overlayScrollbars/js/jquery.overlayScrollbars.min.js HTTP/1.1" 304 0
INFO 2023-05-12 10:39:07,658 "GET /static/dist/js/adminlte.js HTTP/1.1" 304 0
INFO 2023-05-12 10:39:07,658 "GET /static/plugins/jquery/jquery.min.js HTTP/1.1" 304 0
INFO 2023-05-12 10:39:07,662 "GET /static/dist/css/adminlte.min.css HTTP/1.1" 304 0
INFO 2023-05-12 10:39:07,663 "GET /static/dist/js/demo.js HTTP/1.1" 304 0
INFO 2023-05-12 10:39:07,664 "GET /static/plugins/Datatables/datatables.min.js HTTP/1.1" 304 0
INFO 2023-05-12 10:39:07,664 "GET /static/dist/js/jquery.formset.js HTTP/1.1" 304 0
INFO 2023-05-12 10:39:07,690 "GET /static/plugins/fontawesome-free/webfonts/fa-solid-900.woff2 HTTP/1.1" 304 0
INFO 2023-05-12 10:39:07,691 "GET /static/plugins/fontawesome-free/webfonts/fa-regular-400.woff2 HTTP/1.1" 304 0
INFO 2023-05-12 10:40:17,624 D:\django software\Django-School-Management-System\apps\corecode\migrations\0002_auto_20200506_1520.py changed, reloading.
INFO 2023-05-12 10:40:18,587 Watching for file changes with StatReloader
INFO 2023-05-12 10:40:51,934 D:\django software\Django-School-Management-System\apps\corecode\migrations\0002_auto_20200506_1520.py changed, reloading.
INFO 2023-05-12 10:40:52,912 Watching for file changes with StatReloader
INFO 2023-05-12 10:40:54,516 "GET /site-config HTTP/1.1" 200 10862
INFO 2023-05-12 10:41:00,550 "GET / HTTP/1.1" 200 9290
INFO 2023-05-12 10:41:04,029 "GET /site-config HTTP/1.1" 200 10862
INFO 2023-05-12 10:41:43,441 Watching for file changes with StatReloader
INFO 2023-05-12 10:41:49,215 "GET /site-config HTTP/1.1" 200 10862
INFO 2023-05-12 10:41:51,367 "GET / HTTP/1.1" 200 9290
INFO 2023-05-12 10:41:52,735 "GET / HTTP/1.1" 200 9290
INFO 2023-05-12 10:41:54,852 "GET / HTTP/1.1" 200 9290
INFO 2023-05-12 10:41:55,590 "GET /static/plugins/overlayScrollbars/css/OverlayScrollbars.min.css HTTP/1.1" 200 19736
INFO 2023-05-12 10:41:55,596 "GET /static/dist/js/jquery.formset.js HTTP/1.1" 200 13881
INFO 2023-05-12 10:41:55,601 "GET /static/plugins/bootstrap/js/bootstrap.bundle.min.js HTTP/1.1" 200 80704
INFO 2023-05-12 10:41:55,615 "GET /static/plugins/Datatables/datatables.min.css HTTP/1.1" 200 25807
INFO 2023-05-12 10:41:55,620 "GET /static/plugins/toastr/toastr.min.css HTTP/1.1" 200 6454
INFO 2023-05-12 10:41:55,627 "GET /static/plugins/toastr/toastr.min.js HTTP/1.1" 200 5253
INFO 2023-05-12 10:41:55,628 "GET /static/plugins/overlayScrollbars/js/jquery.overlayScrollbars.min.js HTTP/1.1" 200 42395
INFO 2023-05-12 10:41:55,631 "GET /static/plugins/fontawesome-free/css/all.min.css HTTP/1.1" 200 58582
INFO 2023-05-12 10:41:55,634 "GET /static/plugins/jquery/jquery.min.js HTTP/1.1" 200 88147
INFO 2023-05-12 10:41:55,636 "GET /static/dist/css/adminlte.min.css HTTP/1.1" 200 686718
INFO 2023-05-12 10:41:55,650 "GET /static/dist/js/adminlte.js HTTP/1.1" 200 59416
INFO 2023-05-12 10:41:55,656 "GET /static/dist/js/demo.js HTTP/1.1" 200 13042
INFO 2023-05-12 10:41:55,670 "GET /static/plugins/Datatables/datatables.min.js HTTP/1.1" 200 2042927
INFO 2023-05-12 10:41:55,955 "GET /static/plugins/fontawesome-free/webfonts/fa-regular-400.woff2 HTTP/1.1" 200 13584
INFO 2023-05-12 10:41:55,956 "GET /static/plugins/fontawesome-free/webfonts/fa-solid-900.woff2 HTTP/1.1" 200 79444
WARNING 2023-05-12 10:41:56,338 Not Found: /favicon.ico
WARNING 2023-05-12 10:41:56,339 "GET /favicon.ico HTTP/1.1" 404 6202
INFO 2023-05-12 10:41:57,871 "GET /site-config HTTP/1.1" 200 10862
INFO 2023-05-12 10:42:00,073 "GET /site-config HTTP/1.1" 200 10862
INFO 2023-05-12 10:44:43,992 "GET /site-config HTTP/1.1" 200 10862
INFO 2023-05-12 10:44:47,620 "GET /staff/list/ HTTP/1.1" 200 9687
INFO 2023-05-12 10:44:49,917 "GET /student/list HTTP/1.1" 200 9946
INFO 2023-05-12 10:44:50,537 "GET / HTTP/1.1" 200 9290
INFO 2023-05-12 10:44:52,871 "GET /site-config HTTP/1.1" 200 10862
INFO 2023-05-12 10:46:20,292 "GET /student/list HTTP/1.1" 200 9946
INFO 2023-05-12 10:46:20,365 "GET /static/plugins/fontawesome-free/css/all.min.css HTTP/1.1" 304 0
INFO 2023-05-12 10:46:20,365 "GET /static/plugins/overlayScrollbars/css/OverlayScrollbars.min.css HTTP/1.1" 304 0
INFO 2023-05-12 10:46:20,366 "GET /static/plugins/jquery/jquery.min.js HTTP/1.1" 304 0
INFO 2023-05-12 10:46:20,366 "GET /static/plugins/toastr/toastr.min.css HTTP/1.1" 304 0
INFO 2023-05-12 10:46:20,366 "GET /static/dist/css/adminlte.min.css HTTP/1.1" 304 0
INFO 2023-05-12 10:46:20,367 "GET /static/plugins/Datatables/datatables.min.css HTTP/1.1" 304 0
INFO 2023-05-12 10:46:20,368 "GET /static/dist/js/jquery.formset.js HTTP/1.1" 304 0
INFO 2023-05-12 10:46:20,374 "GET /static/dist/js/adminlte.js HTTP/1.1" 304 0
INFO 2023-05-12 10:46:20,377 "GET /static/plugins/bootstrap/js/bootstrap.bundle.min.js HTTP/1.1" 304 0
INFO 2023-05-12 10:46:20,377 "GET /static/plugins/toastr/toastr.min.js HTTP/1.1" 304 0
INFO 2023-05-12 10:46:20,378 "GET /static/plugins/overlayScrollbars/js/jquery.overlayScrollbars.min.js HTTP/1.1" 304 0
INFO 2023-05-12 10:46:20,379 "GET /static/plugins/Datatables/datatables.min.js HTTP/1.1" 304 0
INFO 2023-05-12 10:46:20,379 "GET /static/dist/js/demo.js HTTP/1.1" 304 0
INFO 2023-05-12 10:46:25,154 "GET /student/upload/ HTTP/1.1" 200 10001
INFO 2023-05-12 10:46:27,636 "GET /student/download-csv/ HTTP/1.1" 200 94
INFO 2023-05-12 10:47:50,936 "POST /student/upload/ HTTP/1.1" 302 0
INFO 2023-05-12 10:47:51,231 "GET /student/list HTTP/1.1" 200 10367
INFO 2023-05-12 10:47:59,684 "GET /student/list HTTP/1.1" 200 10222
INFO 2023-05-12 10:48:00,476 "GET /staff/list/ HTTP/1.1" 200 9687
INFO 2023-05-12 10:48:03,154 "GET /staff/create/ HTTP/1.1" 200 12600
INFO 2023-05-12 10:48:27,152 "POST /staff/create/ HTTP/1.1" 302 0
INFO 2023-05-12 10:48:27,458 "GET /staff/1/ HTTP/1.1" 200 10816
INFO 2023-05-12 10:48:38,356 "GET /staff/1/update/ HTTP/1.1" 200 12624
INFO 2023-05-12 10:48:41,332 "POST /staff/1/update/ HTTP/1.1" 302 0
INFO 2023-05-12 10:48:41,596 "GET /staff/1/ HTTP/1.1" 200 10816
INFO 2023-05-12 10:48:44,460 "GET /student/list HTTP/1.1" 200 10222
INFO 2023-05-12 10:48:46,616 "GET /finance/list/ HTTP/1.1" 200 9925
INFO 2023-05-12 10:48:49,716 "GET /result/create/ HTTP/1.1" 200 10558
INFO 2023-05-12 10:48:55,479 "POST /result/create/ HTTP/1.1" 200 10905
INFO 2023-05-12 10:48:59,461 "POST /result/create/ HTTP/1.1" 302 0
INFO 2023-05-12 10:48:59,684 "GET /result/edit-results/ HTTP/1.1" 200 10746
INFO 2023-05-12 10:49:09,296 "POST /result/edit-results/ HTTP/1.1" 302 0
INFO 2023-05-12 10:49:09,579 "GET /result/edit-results/ HTTP/1.1" 200 10893
INFO 2023-05-12 10:49:11,697 "GET /result/create/ HTTP/1.1" 200 10558
INFO 2023-05-12 10:49:13,929 "GET /result/edit-results/ HTTP/1.1" 200 10750
INFO 2023-05-12 10:49:15,480 "GET /result/view/all HTTP/1.1" 200 9824
INFO 2023-05-12 10:49:19,026 "GET /session/list/ HTTP/1.1" 200 11598
INFO 2023-05-12 10:49:23,427 "GET /term/list/ HTTP/1.1" 200 12231
INFO 2023-05-12 10:49:27,242 "GET /site-config HTTP/1.1" 200 10862
INFO 2023-05-12 10:49:30,821 "GET /site-config HTTP/1.1" 200 10862
INFO 2023-05-12 10:49:32,132 "GET /finance/list/ HTTP/1.1" 200 9925
INFO 2023-05-12 10:49:34,787 "GET /finance/create/ HTTP/1.1" 200 13459
INFO 2023-05-12 10:50:04,543 "POST /finance/create/ HTTP/1.1" 302 0
INFO 2023-05-12 10:50:04,846 "GET /finance/list HTTP/1.1" 301 0
INFO 2023-05-12 10:50:05,118 "GET /finance/list/ HTTP/1.1" 200 10342
INFO 2023-05-12 10:50:08,184 "GET /finance/receipt/create?invoice=1 HTTP/1.1" 200 10836
INFO 2023-05-12 10:50:19,895 "POST /finance/receipt/create?invoice=1 HTTP/1.1" 302 0
INFO 2023-05-12 10:50:20,106 "GET /finance/list/ HTTP/1.1" 200 10346
INFO 2023-05-12 10:50:23,040 "GET /finance/1/detail/ HTTP/1.1" 200 11060
INFO 2023-05-12 10:50:33,485 "GET /subject/list/ HTTP/1.1" 200 11397
INFO 2023-05-12 10:50:43,494 "POST /subject/create/ HTTP/1.1" 302 0
INFO 2023-05-12 10:50:43,854 "GET /subject/list/ HTTP/1.1" 200 11823
INFO 2023-05-12 10:50:48,615 "GET /class/list/ HTTP/1.1" 200 11691
INFO 2023-05-12 10:50:51,573 "GET /finance/list/ HTTP/1.1" 200 10346
INFO 2023-05-12 10:50:54,689 "GET /student/list HTTP/1.1" 200 10222
INFO 2023-05-12 10:50:55,999 "GET /staff/list/ HTTP/1.1" 200 9889
INFO 2023-05-12 10:50:59,585 "GET / HTTP/1.1" 200 9290
INFO 2023-05-12 10:51:02,413 "GET / HTTP/1.1" 200 9290
INFO 2023-05-12 10:51:02,463 "GET /static/plugins/fontawesome-free/css/all.min.css HTTP/1.1" 304 0
INFO 2023-05-12 10:51:02,466 "GET /static/plugins/toastr/toastr.min.css HTTP/1.1" 304 0
INFO 2023-05-12 10:51:02,477 "GET /static/plugins/jquery/jquery.min.js HTTP/1.1" 304 0
INFO 2023-05-12 10:51:02,479 "GET /static/plugins/overlayScrollbars/css/OverlayScrollbars.min.css HTTP/1.1" 304 0
INFO 2023-05-12 10:51:02,482 "GET /static/dist/css/adminlte.min.css HTTP/1.1" 304 0
INFO 2023-05-12 10:51:02,483 "GET /static/plugins/overlayScrollbars/js/jquery.overlayScrollbars.min.js HTTP/1.1" 304 0
INFO 2023-05-12 10:51:02,485 "GET /static/plugins/Datatables/datatables.min.css HTTP/1.1" 304 0
INFO 2023-05-12 10:51:02,485 "GET /static/plugins/bootstrap/js/bootstrap.bundle.min.js HTTP/1.1" 304 0
INFO 2023-05-12 10:51:02,485 "GET /static/plugins/toastr/toastr.min.js HTTP/1.1" 304 0
INFO 2023-05-12 10:51:02,487 "GET /static/dist/js/adminlte.js HTTP/1.1" 304 0
INFO 2023-05-12 10:51:02,487 "GET /static/dist/js/demo.js HTTP/1.1" 304 0
INFO 2023-05-12 10:51:02,487 "GET /static/plugins/Datatables/datatables.min.js HTTP/1.1" 304 0
INFO 2023-05-12 10:51:02,488 "GET /static/dist/js/jquery.formset.js HTTP/1.1" 304 0
INFO 2023-05-12 10:51:05,201 "GET /student/list HTTP/1.1" 200 10222
INFO 2023-05-12 10:51:08,877 "GET /staff/list/ HTTP/1.1" 200 9889
INFO 2023-05-12 10:51:10,650 "GET /finance/list/ HTTP/1.1" 200 10346
INFO 2023-05-12 10:51:12,338 "GET /result/create/ HTTP/1.1" 200 10558
INFO 2023-05-12 10:51:13,352 "GET /result/edit-results/ HTTP/1.1" 200 10750
INFO 2023-05-12 10:51:14,780 "GET /result/view/all HTTP/1.1" 200 9824
INFO 2023-05-12 10:51:18,152 "GET /session/list/ HTTP/1.1" 200 11598
INFO 2023-05-12 10:51:21,250 "GET /term/list/ HTTP/1.1" 200 12231
INFO 2023-05-12 10:54:10,912 "GET / HTTP/1.1" 302 0
INFO 2023-05-12 10:54:10,924 "GET /accounts/login/?next=/ HTTP/1.1" 200 3981
INFO 2023-05-12 10:54:10,956 "GET /static/dist/css/login-page.css HTTP/1.1" 304 0
INFO 2023-05-12 10:54:10,965 "GET /static/dist/img/login.png HTTP/1.1" 304 0
INFO 2023-05-12 10:54:12,442 "GET /static/plugins/fontawesome-free/webfonts/fa-solid-900.woff2 HTTP/1.1" 304 0
WARNING 2023-05-12 10:54:12,477 Not Found: /favicon.ico
WARNING 2023-05-12 10:54:12,477 "GET /favicon.ico HTTP/1.1" 404 6202
INFO 2023-05-12 10:54:20,348 "POST /accounts/login/ HTTP/1.1" 302 0
INFO 2023-05-12 10:54:20,575 "GET / HTTP/1.1" 200 9290
INFO 2023-05-12 10:54:20,733 "GET /static/plugins/fontawesome-free/webfonts/fa-regular-400.woff2 HTTP/1.1" 304 0
INFO 2023-05-12 10:54:28,604 "GET /site-config HTTP/1.1" 200 10862
WARNING 2023-05-12 10:54:38,796 Not Found: /admin
WARNING 2023-05-12 10:54:38,797 "GET /admin HTTP/1.1" 404 6184
INFO 2023-05-12 10:56:29,901 "GET / HTTP/1.1" 200 9290
INFO 2023-05-12 10:56:29,945 "GET /static/plugins/toastr/toastr.min.css HTTP/1.1" 304 0
INFO 2023-05-12 10:56:29,946 "GET /static/plugins/fontawesome-free/css/all.min.css HTTP/1.1" 304 0
INFO 2023-05-12 10:56:29,949 "GET /static/plugins/overlayScrollbars/css/OverlayScrollbars.min.css HTTP/1.1" 304 0
INFO 2023-05-12 10:56:29,954 "GET /static/plugins/Datatables/datatables.min.css HTTP/1.1" 304 0
INFO 2023-05-12 10:56:29,957 "GET /static/plugins/bootstrap/js/bootstrap.bundle.min.js HTTP/1.1" 304 0
INFO 2023-05-12 10:56:29,960 "GET /static/plugins/toastr/toastr.min.js HTTP/1.1" 304 0
INFO 2023-05-12 10:56:29,961 "GET /static/plugins/overlayScrollbars/js/jquery.overlayScrollbars.min.js HTTP/1.1" 304 0
INFO 2023-05-12 10:56:29,962 "GET /static/dist/css/adminlte.min.css HTTP/1.1" 304 0
INFO 2023-05-12 10:56:29,963 "GET /static/plugins/jquery/jquery.min.js HTTP/1.1" 304 0
INFO 2023-05-12 10:56:29,964 "GET /static/dist/js/demo.js HTTP/1.1" 304 0
INFO 2023-05-12 10:56:29,965 "GET /static/dist/js/adminlte.js HTTP/1.1" 304 0
INFO 2023-05-12 10:56:29,965 "GET /static/dist/js/jquery.formset.js HTTP/1.1" 304 0
INFO 2023-05-12 10:56:29,966 "GET /static/plugins/Datatables/datatables.min.js HTTP/1.1" 304 0
INFO 2023-05-12 10:57:46,516 "GET /student/list HTTP/1.1" 200 10222
INFO 2023-05-12 10:57:48,090 "GET /staff/list/ HTTP/1.1" 200 9889
INFO 2023-05-12 10:57:49,135 "GET /finance/list/ HTTP/1.1" 200 10346
INFO 2023-05-12 10:57:50,620 "GET /result/create/ HTTP/1.1" 200 10558
INFO 2023-05-12 10:57:51,767 "GET /result/edit-results/ HTTP/1.1" 200 10750
INFO 2023-05-12 10:57:53,210 "GET /result/view/all HTTP/1.1" 200 9824
INFO 2023-05-12 10:57:55,385 "GET /session/list/ HTTP/1.1" 200 11598
INFO 2023-05-12 10:58:00,350 "GET /term/list/ HTTP/1.1" 200 12231
INFO 2023-05-12 10:58:03,549 "GET /subject/list/ HTTP/1.1" 200 11678
INFO 2023-05-12 10:58:06,746 "GET /class/list/ HTTP/1.1" 200 11691
INFO 2023-05-12 10:58:08,692 "GET /student/list HTTP/1.1" 200 10222
INFO 2023-05-12 10:58:10,357 "GET /student/create/ HTTP/1.1" 200 13650
INFO 2023-05-12 10:58:19,121 "GET /student/upload/ HTTP/1.1" 200 10001
INFO 2023-05-12 10:58:21,908 "GET /student/download-csv/ HTTP/1.1" 200 94
INFO 2023-05-12 10:58:32,831 "POST /student/upload/ HTTP/1.1" 302 0
INFO 2023-05-12 10:58:33,023 "GET /student/list HTTP/1.1" 200 10367
INFO 2023-05-12 10:58:37,769 "GET /staff/list/ HTTP/1.1" 200 9889
INFO 2023-05-12 10:58:39,294 "GET /staff/create/ HTTP/1.1" 200 12600
INFO 2023-05-12 10:58:42,757 "GET /finance/list/ HTTP/1.1" 200 10346
INFO 2023-05-12 10:58:44,207 "GET /finance/1/detail/ HTTP/1.1" 200 11060
INFO 2023-05-12 10:58:48,924 "GET /finance/receipt/create?invoice=1 HTTP/1.1" 200 10840
INFO 2023-05-12 10:58:54,325 "GET / HTTP/1.1" 200 9290
INFO 2023-05-12 10:58:55,932 "GET /result/edit-results/ HTTP/1.1" 200 10750
INFO 2023-05-12 10:59:00,440 "GET /result/create/ HTTP/1.1" 200 10558
INFO 2023-05-12 10:59:02,518 "POST /result/create/ HTTP/1.1" 200 10702
INFO 2023-05-12 10:59:05,665 "POST /result/create/ HTTP/1.1" 200 11054
INFO 2023-05-12 10:59:08,553 "POST /result/create/ HTTP/1.1" 200 11054
INFO 2023-05-12 10:59:10,150 "POST /result/create/ HTTP/1.1" 200 11054
INFO 2023-05-12 10:59:12,887 "POST /result/create/ HTTP/1.1" 302 0
INFO 2023-05-12 10:59:13,125 "GET /result/edit-results/ HTTP/1.1" 200 10750
INFO 2023-05-12 10:59:18,281 "POST /result/edit-results/ HTTP/1.1" 302 0
INFO 2023-05-12 10:59:18,512 "GET /result/edit-results/ HTTP/1.1" 200 10893
INFO 2023-05-12 10:59:20,467 "GET /result/edit-results/ HTTP/1.1" 200 10750
INFO 2023-05-12 10:59:23,334 "GET /session/list/ HTTP/1.1" 200 11598
INFO 2023-05-13 17:51:20,390 Watching for file changes with StatReloader
INFO 2023-05-13 17:52:06,977 "GET / HTTP/1.1" 302 0
INFO 2023-05-13 17:52:07,265 "GET /accounts/login/?next=/ HTTP/1.1" 200 4031
INFO 2023-05-13 17:52:07,296 "GET /static/plugins/fontawesome-free/css/all.min.css HTTP/1.1" 304 0
INFO 2023-05-13 17:52:07,297 "GET /static/plugins/toastr/toastr.min.css HTTP/1.1" 304 0
INFO 2023-05-13 17:52:07,301 "GET /static/plugins/overlayScrollbars/css/OverlayScrollbars.min.css HTTP/1.1" 304 0
INFO 2023-05-13 17:52:07,302 "GET /static/dist/css/adminlte.min.css HTTP/1.1" 304 0
INFO 2023-05-13 17:52:07,303 "GET /static/dist/css/login-page.css HTTP/1.1" 304 0
INFO 2023-05-13 17:52:07,318 "GET /static/plugins/jquery/jquery.min.js HTTP/1.1" 304 0
INFO 2023-05-13 17:52:07,334 "GET /static/dist/js/jquery.formset.js HTTP/1.1" 304 0
INFO 2023-05-13 17:52:07,439 "GET /static/plugins/toastr/toastr.min.js HTTP/1.1" 304 0
INFO 2023-05-13 17:52:07,440 "GET /static/plugins/bootstrap/js/bootstrap.bundle.min.js HTTP/1.1" 304 0
INFO 2023-05-13 17:52:07,447 "GET /static/plugins/overlayScrollbars/js/jquery.overlayScrollbars.min.js HTTP/1.1" 304 0
INFO 2023-05-13 17:52:07,451 "GET /static/dist/js/adminlte.js HTTP/1.1" 304 0
INFO 2023-05-13 17:52:07,451 "GET /static/dist/js/demo.js HTTP/1.1" 304 0
INFO 2023-05-13 17:52:07,504 "GET /static/dist/img/login.png HTTP/1.1" 304 0
INFO 2023-05-13 17:52:07,965 "GET /static/plugins/fontawesome-free/webfonts/fa-solid-900.woff2 HTTP/1.1" 304 0
WARNING 2023-05-13 17:52:08,637 Not Found: /favicon.ico
WARNING 2023-05-13 17:52:08,638 "GET /favicon.ico HTTP/1.1" 404 6202
INFO 2023-05-13 17:52:23,097 "POST /accounts/login/ HTTP/1.1" 302 0
INFO 2023-05-13 17:52:23,363 "GET / HTTP/1.1" 200 9340
INFO 2023-05-13 17:52:23,391 "GET /static/plugins/Datatables/datatables.min.css HTTP/1.1" 304 0
INFO 2023-05-13 17:52:23,391 "GET /static/plugins/Datatables/datatables.min.js HTTP/1.1" 304 0
INFO 2023-05-13 17:52:23,503 "GET /static/plugins/fontawesome-free/webfonts/fa-regular-400.woff2 HTTP/1.1" 304 0
INFO 2023-05-13 17:52:32,605 "GET /student/list HTTP/1.1" 200 9996
INFO 2023-05-13 17:52:34,310 "GET / HTTP/1.1" 200 9340
INFO 2023-05-13 17:52:37,462 "GET /site-config HTTP/1.1" 200 11000
INFO 2023-05-13 17:52:41,756 "GET /student/list HTTP/1.1" 200 9996
INFO 2023-05-13 17:52:43,578 "GET /staff/list/ HTTP/1.1" 200 9737
INFO 2023-05-13 17:52:46,488 "GET /site-config HTTP/1.1" 200 11000
INFO 2023-05-13 17:52:50,124 "GET / HTTP/1.1" 200 9340
INFO 2023-05-13 17:52:53,025 "GET /student/list HTTP/1.1" 200 9996
INFO 2023-05-13 17:52:54,822 "GET /staff/list/ HTTP/1.1" 200 9737
INFO 2023-05-13 17:52:56,125 "GET /finance/list/ HTTP/1.1" 200 9975
INFO 2023-05-13 17:52:57,601 "GET /result/create/ HTTP/1.1" 200 10436
INFO 2023-05-13 17:52:58,596 "GET /result/edit-results/ HTTP/1.1" 200 10154
INFO 2023-05-13 17:53:00,462 "GET / HTTP/1.1" 200 9340
INFO 2023-05-13 17:53:09,320 "GET /site-config HTTP/1.1" 200 11000
INFO 2023-05-13 17:53:11,573 "GET /student/list HTTP/1.1" 200 9996
INFO 2023-05-13 17:53:12,736 "GET /result/create/ HTTP/1.1" 200 10436
INFO 2023-05-13 17:53:13,716 "GET /result/edit-results/ HTTP/1.1" 200 10154
INFO 2023-05-13 17:53:15,267 "GET /result/view/all HTTP/1.1" 200 8884
INFO 2023-05-13 18:03:48,563 "GET / HTTP/1.1" 302 0
INFO 2023-05-13 18:03:48,575 "GET /accounts/login/?next=/ HTTP/1.1" 200 4031
WARNING 2023-05-13 18:03:49,088 Not Found: /favicon.ico
WARNING 2023-05-13 18:03:49,088 "GET /favicon.ico HTTP/1.1" 404 6202
INFO 2023-05-13 18:04:19,344 "POST /accounts/login/ HTTP/1.1" 302 0
INFO 2023-05-13 18:04:19,539 "GET / HTTP/1.1" 200 9340
INFO 2023-05-13 18:05:22,945 "GET /student/list HTTP/1.1" 200 9996
INFO 2023-05-13 18:05:28,188 "GET /student/create/ HTTP/1.1" 200 13662
INFO 2023-05-13 18:06:38,556 "GET /staff/list/ HTTP/1.1" 200 9737
INFO 2023-05-13 18:08:58,141 "GET /session/list/ HTTP/1.1" 200 11648
INFO 2023-05-13 18:09:01,586 "GET /term/list/ HTTP/1.1" 200 12281
INFO 2023-05-13 18:09:04,579 "GET /student/list HTTP/1.1" 200 9996
INFO 2023-05-13 18:09:05,600 "GET /staff/list/ HTTP/1.1" 200 9737
INFO 2023-05-13 18:09:07,324 "GET /finance/list/ HTTP/1.1" 200 9975
INFO 2023-05-13 18:09:08,825 "GET /result/create/ HTTP/1.1" 200 10436
INFO 2023-05-13 18:09:11,652 "GET /student/list HTTP/1.1" 200 9996
INFO 2023-05-13 18:09:17,489 "GET /student/list HTTP/1.1" 200 9996
INFO 2023-05-13 18:09:22,039 "GET / HTTP/1.1" 200 9340
INFO 2023-05-13 18:09:24,553 "GET /finance/list/ HTTP/1.1" 200 9975
INFO 2023-05-13 18:09:31,132 "GET /result/create/ HTTP/1.1" 200 10436
INFO 2023-05-13 18:09:35,914 "GET /student/list HTTP/1.1" 200 9996
INFO 2023-05-13 18:09:36,722 "GET / HTTP/1.1" 200 9340
INFO 2023-05-13 18:10:13,977 "GET /student/list HTTP/1.1" 200 9996
INFO 2023-05-13 18:10:16,054 "GET /staff/list/ HTTP/1.1" 200 9737
INFO 2023-05-13 18:10:18,361 "GET /finance/list/ HTTP/1.1" 200 9975
INFO 2023-05-13 18:10:21,685 "GET /finance/create/ HTTP/1.1" 200 13426
INFO 2023-05-13 18:10:28,881 "GET /student/list HTTP/1.1" 200 9996
INFO 2023-05-13 18:10:32,171 "GET /session/list/ HTTP/1.1" 200 11648
INFO 2023-05-13 18:10:44,126 "GET /session/1/delete/ HTTP/1.1" 200 10039
INFO 2023-05-13 18:10:46,334 "POST /session/1/delete/ HTTP/1.1" 302 0
INFO 2023-05-13 18:10:46,562 "GET /session/list/ HTTP/1.1" 200 11808
INFO 2023-05-13 18:11:11,147 "POST /session/create/ HTTP/1.1" 302 0
INFO 2023-05-13 18:11:11,413 "GET /session/list/ HTTP/1.1" 200 12136
INFO 2023-05-13 18:11:19,202 "GET /term/list/ HTTP/1.1" 200 12281
INFO 2023-05-13 18:11:37,542 "POST /term/create/ HTTP/1.1" 200 10298
INFO 2023-05-13 18:11:39,046 "POST /term/create/ HTTP/1.1" 200 10298
INFO 2023-05-13 18:11:58,625 "POST /term/create/ HTTP/1.1" 302 0
INFO 2023-05-13 18:11:58,891 "GET /term/list/ HTTP/1.1" 200 12759
INFO 2023-05-13 18:12:02,722 "GET /term/1/update/ HTTP/1.1" 200 10199
INFO 2023-05-13 18:12:05,822 "POST /term/1/update/ HTTP/1.1" 302 0
INFO 2023-05-13 18:12:06,059 "GET /term/list/ HTTP/1.1" 200 12758
INFO 2023-05-13 18:12:11,155 "GET /subject/list/ HTTP/1.1" 200 11447
INFO 2023-05-13 18:12:19,159 "POST /subject/create/ HTTP/1.1" 302 0
INFO 2023-05-13 18:12:19,388 "GET /subject/list/ HTTP/1.1" 200 11873
INFO 2023-05-13 18:12:23,489 "GET /class/list/ HTTP/1.1" 200 11460
INFO 2023-05-13 18:12:26,019 "GET /class/1/update/ HTTP/1.1" 200 9874
INFO 2023-05-13 18:12:38,270 "POST /class/1/update/ HTTP/1.1" 302 0
INFO 2023-05-13 18:12:38,498 "GET /class/list/ HTTP/1.1" 200 11604
INFO 2023-05-13 18:12:41,031 "GET /class/2/update/ HTTP/1.1" 200 9874
INFO 2023-05-13 18:12:47,642 "POST /class/2/update/ HTTP/1.1" 302 0
INFO 2023-05-13 18:12:47,933 "GET /class/list/ HTTP/1.1" 200 11607
INFO 2023-05-13 18:12:53,810 "GET /site-config HTTP/1.1" 200 11000
INFO 2023-05-13 18:12:57,099 "GET /result/view/all HTTP/1.1" 200 8884
INFO 2023-05-13 18:12:59,449 "GET /student/list HTTP/1.1" 200 9996
INFO 2023-05-13 18:13:01,765 "GET /student/create/ HTTP/1.1" 200 13667
INFO 2023-05-13 18:13:07,612 "GET /student/upload/ HTTP/1.1" 200 10051
INFO 2023-05-13 18:13:17,634 "GET /student/download-csv/ HTTP/1.1" 200 94
INFO 2023-05-13 18:14:32,884 "POST /student/upload/ HTTP/1.1" 302 0
INFO 2023-05-13 18:14:33,157 "GET /student/list HTTP/1.1" 200 10415
INFO 2023-05-13 18:14:37,906 "GET /student/upload/ HTTP/1.1" 200 10051
INFO 2023-05-13 18:14:42,907 "POST /student/upload/ HTTP/1.1" 302 0
INFO 2023-05-13 18:14:43,196 "GET /student/list HTTP/1.1" 200 10415
INFO 2023-05-13 18:14:53,710 "GET /student/upload/ HTTP/1.1" 200 10051
INFO 2023-05-13 18:15:29,093 "POST /student/upload/ HTTP/1.1" 302 0
INFO 2023-05-13 18:15:29,320 "GET /student/list HTTP/1.1" 200 10415
INFO 2023-05-13 18:15:58,366 "GET /student/create/ HTTP/1.1" 200 13667
INFO 2023-05-13 18:16:00,855 "GET /student/list HTTP/1.1" 200 10270
INFO 2023-05-13 18:16:01,969 "GET /student/upload/ HTTP/1.1" 200 10051
INFO 2023-05-13 18:16:06,346 "POST /student/upload/ HTTP/1.1" 302 0
INFO 2023-05-13 18:16:06,592 "GET /student/list HTTP/1.1" 200 10689
INFO 2023-05-13 18:16:15,239 "GET /staff/list/ HTTP/1.1" 200 9737
INFO 2023-05-13 18:16:16,868 "GET /staff/create/ HTTP/1.1" 200 12650
INFO 2023-05-13 18:16:21,038 "GET /student/list HTTP/1.1" 200 10544
INFO 2023-05-13 18:16:24,129 "GET /finance/list/ HTTP/1.1" 200 9975
INFO 2023-05-13 18:16:26,156 "GET /finance/create/ HTTP/1.1" 200 13604
INFO 2023-05-13 18:16:52,403 "POST /finance/create/ HTTP/1.1" 302 0
INFO 2023-05-13 18:16:52,735 "GET /finance/list HTTP/1.1" 301 0
INFO 2023-05-13 18:16:52,947 "GET /finance/list/ HTTP/1.1" 200 10398
INFO 2023-05-13 18:16:59,462 "GET /finance/receipt/create?invoice=1 HTTP/1.1" 200 10894
INFO 2023-05-13 18:17:12,668 "POST /finance/receipt/create?invoice=1 HTTP/1.1" 302 0
INFO 2023-05-13 18:17:12,889 "GET /finance/list/ HTTP/1.1" 200 10403
INFO 2023-05-13 18:17:27,259 "GET /result/create/ HTTP/1.1" 200 10784
INFO 2023-05-13 18:17:30,979 "POST /result/create/ HTTP/1.1" 200 11183
INFO 2023-05-13 18:17:34,993 "POST /result/create/ HTTP/1.1" 302 0
INFO 2023-05-13 18:17:35,226 "GET /result/edit-results/ HTTP/1.1" 200 10798
INFO 2023-05-13 18:17:47,038 "POST /result/edit-results/ HTTP/1.1" 302 0
INFO 2023-05-13 18:17:47,282 "GET /result/edit-results/ HTTP/1.1" 200 10946
INFO 2023-05-13 18:17:51,786 "GET /result/edit-results/ HTTP/1.1" 200 10803
INFO 2023-05-13 18:17:54,135 "GET /result/create/ HTTP/1.1" 200 10784
INFO 2023-05-13 18:17:55,883 "GET /result/view/all HTTP/1.1" 200 9878
INFO 2023-05-13 18:18:00,838 "GET /student/list HTTP/1.1" 200 10544
INFO 2023-05-13 18:50:35,143 "GET /staff/list/ HTTP/1.1" 200 9737
INFO 2023-05-13 18:50:37,738 "GET /staff/create/ HTTP/1.1" 200 12650
INFO 2023-05-13 18:50:49,454 "POST /staff/create/ HTTP/1.1" 302 0
INFO 2023-05-13 18:50:49,752 "GET /staff/1/ HTTP/1.1" 200 10863
INFO 2023-05-13 18:50:56,749 "GET /result/create/ HTTP/1.1" 200 10784
INFO 2023-05-13 18:50:58,249 "GET /result/edit-results/ HTTP/1.1" 200 10803
INFO 2023-05-13 18:50:58,983 "GET /result/view/all HTTP/1.1" 200 9878
INFO 2023-05-13 18:51:01,819 "GET /session/list/ HTTP/1.1" 200 11991
INFO 2023-05-13 18:51:05,139 "GET /term/list/ HTTP/1.1" 200 12617
INFO 2023-05-13 18:51:08,646 "GET /student/list HTTP/1.1" 200 10544
INFO 2023-05-13 18:51:17,235 "GET /finance/list/ HTTP/1.1" 200 10403
